<?xml version="1.0" encoding="UTF-8"?>
<testng-results ignored="0" total="2" passed="2" failed="0" skipped="0">
  <reporter-output>
  </reporter-output>
  <suite started-at="2023-11-24T22:19:03 CET" name="Suite" finished-at="2023-11-24T22:19:17 CET" duration-ms="14408">
    <groups>
    </groups>
    <test started-at="2023-11-24T22:19:03 CET" name="Test" finished-at="2023-11-24T22:19:17 CET" duration-ms="14408">
      <class name="testCases.ExecuteTestZaleniumFirefox1">
        <test-method signature="test1()[pri:0, instance:testCases.ExecuteTestZaleniumFirefox1@3febb011]" started-at="2023-11-24T22:19:03 CET" name="test1" finished-at="2023-11-24T22:19:11 CET" duration-ms="7908" status="PASS">
          <reporter-output>
          </reporter-output>
        </test-method> <!-- test1 -->
      </class> <!-- testCases.ExecuteTestZaleniumFirefox1 -->
      <class name="testCases.ExecuteTestZaleniumFirefox2">
        <test-method signature="test1()[pri:0, instance:testCases.ExecuteTestZaleniumFirefox2@c8c12ac]" started-at="2023-11-24T22:19:03 CET" name="test1" finished-at="2023-11-24T22:19:17 CET" duration-ms="14304" status="PASS">
          <reporter-output>
          </reporter-output>
        </test-method> <!-- test1 -->
      </class> <!-- testCases.ExecuteTestZaleniumFirefox2 -->
    </test> <!-- Test -->
  </suite> <!-- Suite -->
</testng-results>
